[01:36:33] [ServerMain/INFO]: Environment: Environment[sessionHost=https://sessionserver.mojang.com, servicesHost=https://api.minecraftservices.com, name=PROD]
[01:36:35] [ServerMain/INFO]: No existing world data, creating new world
[01:36:36] [ServerMain/INFO]: Loaded 1290 recipes
[01:36:36] [ServerMain/INFO]: Loaded 1399 advancements
[01:36:37] [Server thread/INFO]: Starting minecraft server version 1.21.1
[01:36:37] [Server thread/INFO]: Loading properties
[01:36:37] [Server thread/INFO]: Default game type: SURVIVAL
[01:36:37] [Server thread/INFO]: Generating keypair
[01:36:37] [Server thread/INFO]: Starting Minecraft server on *:25565
[01:36:37] [Server thread/INFO]: Using epoll channel type
[01:36:37] [Server thread/WARN]: **** SERVER IS RUNNING IN OFFLINE/INSECURE MODE!
[01:36:37] [Server thread/WARN]: The server will make no attempt to authenticate usernames. Beware.
[01:36:37] [Server thread/WARN]: While this makes the game possible to play without internet access, it also opens up the ability for hackers to connect with any username they choose.
[01:36:37] [Server thread/WARN]: To change this, set "online-mode" to "true" in the server.properties file.
[01:36:37] [Server thread/INFO]: Preparing level "world"
[01:36:49] [Server thread/INFO]: Preparing start region for dimension minecraft:overworld
[01:36:50] [Worker-Main-1/INFO]: Preparing spawn area: 2%
[01:36:51] [Worker-Main-1/INFO]: Preparing spawn area: 2%
[01:36:51] [Worker-Main-1/INFO]: Preparing spawn area: 2%
[01:36:51] [Worker-Main-1/INFO]: Preparing spawn area: 2%
[01:36:51] [Worker-Main-1/INFO]: Preparing spawn area: 2%
[01:36:52] [Worker-Main-1/INFO]: Preparing spawn area: 2%
[01:36:54] [Worker-Main-1/INFO]: Preparing spawn area: 2%
[01:36:54] [Worker-Main-1/INFO]: Preparing spawn area: 2%
[01:36:54] [Worker-Main-1/INFO]: Preparing spawn area: 2%
[01:36:54] [Worker-Main-1/INFO]: Preparing spawn area: 2%
[01:36:55] [Worker-Main-1/INFO]: Preparing spawn area: 2%
[01:36:55] [Worker-Main-1/INFO]: Preparing spawn area: 2%
[01:36:56] [Worker-Main-1/INFO]: Preparing spawn area: 2%
[01:36:56] [Worker-Main-1/INFO]: Preparing spawn area: 2%
[01:36:56] [Worker-Main-1/INFO]: Preparing spawn area: 2%
[01:36:57] [Worker-Main-1/INFO]: Preparing spawn area: 2%
[01:36:57] [Worker-Main-1/INFO]: Preparing spawn area: 2%
[01:36:58] [Worker-Main-1/INFO]: Preparing spawn area: 2%
[01:36:59] [Worker-Main-1/INFO]: Preparing spawn area: 2%
[01:36:59] [Worker-Main-1/INFO]: Preparing spawn area: 2%
[01:37:00] [Worker-Main-1/INFO]: Preparing spawn area: 2%
[01:37:00] [Worker-Main-1/INFO]: Preparing spawn area: 2%
[01:37:01] [Worker-Main-1/INFO]: Preparing spawn area: 2%
[01:37:01] [Worker-Main-1/INFO]: Preparing spawn area: 2%
[01:37:02] [Worker-Main-1/INFO]: Preparing spawn area: 2%
[01:37:02] [Worker-Main-1/INFO]: Preparing spawn area: 2%
[01:37:03] [Server thread/INFO]: Time elapsed: 13412 ms
[01:37:03] [Server thread/INFO]: Done (25.587s)! For help, type "help"
